2023-12-20 16:18:51,631 INFO o.a.j.u.JMeterUtils: Setting Locale to en_EN
2023-12-20 16:18:51,643 INFO o.a.j.JMeter: Loading user properties from: C:\Users\GamingPC\Desktop\jmeter\bin\user.properties
2023-12-20 16:18:51,643 INFO o.a.j.JMeter: Loading system properties from: C:\Users\GamingPC\Desktop\jmeter\bin\system.properties
2023-12-20 16:18:51,649 INFO o.a.j.JMeter: Copyright (c) 1998-2023 The Apache Software Foundation
2023-12-20 16:18:51,649 INFO o.a.j.JMeter: Version 5.6.2
2023-12-20 16:18:51,649 INFO o.a.j.JMeter: java.version=1.8.0_391
2023-12-20 16:18:51,649 INFO o.a.j.JMeter: java.vm.name=Java HotSpot(TM) 64-Bit Server VM
2023-12-20 16:18:51,649 INFO o.a.j.JMeter: os.name=Windows 10
2023-12-20 16:18:51,649 INFO o.a.j.JMeter: os.arch=amd64
2023-12-20 16:18:51,649 INFO o.a.j.JMeter: os.version=10.0
2023-12-20 16:18:51,649 INFO o.a.j.JMeter: file.encoding=Cp1251
2023-12-20 16:18:51,649 INFO o.a.j.JMeter: java.awt.headless=true
2023-12-20 16:18:51,649 INFO o.a.j.JMeter: Max memory     =1073741824
2023-12-20 16:18:51,649 INFO o.a.j.JMeter: Available Processors =12
2023-12-20 16:18:51,653 INFO o.a.j.JMeter: Default Locale=English (EN)
2023-12-20 16:18:51,653 INFO o.a.j.JMeter: JMeter  Locale=English (EN)
2023-12-20 16:18:51,653 INFO o.a.j.JMeter: JMeterHome=C:\Users\GamingPC\Desktop\jmeter
2023-12-20 16:18:51,654 INFO o.a.j.JMeter: user.dir  =C:\Users\GamingPC\Desktop\tests
2023-12-20 16:18:51,654 INFO o.a.j.JMeter: PWD       =C:\Users\GamingPC\Desktop\tests
2023-12-20 16:18:51,655 INFO o.a.j.JMeter: IP: 192.168.0.104 Name: DESKTOP-KSEAP91 FullName: DESKTOP-KSEAP91
2023-12-20 16:18:51,669 INFO o.a.j.JMeter: Setting property 'jmeter.reportgenerator.outputdir' to:'C:\Users\GamingPC\Desktop\tests\.\RESULT-9-70'
2023-12-20 16:18:51,671 INFO o.a.j.s.FileServer: Default base='C:\Users\GamingPC\Desktop\tests'
2023-12-20 16:18:51,673 INFO o.a.j.s.FileServer: Set new base='C:\Users\GamingPC\Desktop\tests\.'
2023-12-20 16:18:51,779 INFO o.a.j.s.SaveService: Testplan (JMX) version: 2.2. Testlog (JTL) version: 2.2
2023-12-20 16:18:51,803 INFO o.a.j.s.SaveService: Using SaveService properties file encoding UTF-8
2023-12-20 16:18:51,807 INFO o.a.j.s.SaveService: Using SaveService properties version 5.0
2023-12-20 16:18:51,812 INFO o.a.j.s.SaveService: Loading file: .\lab9-70.jmx
2023-12-20 16:18:51,883 INFO o.a.j.p.h.s.HTTPSamplerBase: Parser for text/html is org.apache.jmeter.protocol.http.parser.LagartoBasedHtmlParser
2023-12-20 16:18:51,883 INFO o.a.j.p.h.s.HTTPSamplerBase: Parser for application/xhtml+xml is org.apache.jmeter.protocol.http.parser.LagartoBasedHtmlParser
2023-12-20 16:18:51,883 INFO o.a.j.p.h.s.HTTPSamplerBase: Parser for application/xml is org.apache.jmeter.protocol.http.parser.LagartoBasedHtmlParser
2023-12-20 16:18:51,883 INFO o.a.j.p.h.s.HTTPSamplerBase: Parser for text/xml is org.apache.jmeter.protocol.http.parser.LagartoBasedHtmlParser
2023-12-20 16:18:51,883 INFO o.a.j.p.h.s.HTTPSamplerBase: Parser for text/vnd.wap.wml is org.apache.jmeter.protocol.http.parser.RegexpHTMLParser
2023-12-20 16:18:51,883 INFO o.a.j.p.h.s.HTTPSamplerBase: Parser for text/css is org.apache.jmeter.protocol.http.parser.CssParser
2023-12-20 16:18:52,104 INFO o.a.j.e.KeyToolUtils: Exception checking for keytool existence, will return false, try another way.
2023-12-20 16:18:52,291 INFO o.a.j.e.KeyToolUtils: keytool found at 'C:\Program Files\Java\jre-1.8\bin\keytool'
2023-12-20 16:18:52,291 INFO o.a.j.p.h.p.ProxyControl: HTTP(S) Test Script Recorder SSL Proxy will use keys that support embedded 3rd party resources in file C:\Users\GamingPC\Desktop\jmeter\bin\proxyserver.jks
2023-12-20 16:18:52,301 INFO o.a.j.JMeter: Creating summariser <summary>
2023-12-20 16:18:52,306 INFO o.a.j.r.d.ReportGenerator: ReportGenerator will use for Parsing the separator: ','
2023-12-20 16:18:52,306 INFO o.a.j.r.d.ReportGenerator: Will generate report at end of test from  results file: log-9-70.jtl
2023-12-20 16:18:52,306 INFO o.a.j.r.d.ReportGenerator: Reading report generator properties from: C:\Users\GamingPC\Desktop\jmeter\bin\reportgenerator.properties
2023-12-20 16:18:52,307 INFO o.a.j.r.d.ReportGenerator: Merging with JMeter properties
2023-12-20 16:18:52,311 INFO o.a.j.r.c.ReportGeneratorConfiguration: Property 'jmeter.reportgenerator.temp_dir' not found, using default value 'temp' instead.
2023-12-20 16:18:52,313 INFO o.a.j.r.c.ReportGeneratorConfiguration: Property 'jmeter.reportgenerator.apdex_per_transaction' not found, using default value 'null' instead.
2023-12-20 16:18:52,313 INFO o.a.j.r.c.ReportGeneratorConfiguration: apdex_per_transaction is empty, not APDEX per transaction customization
2023-12-20 16:18:52,313 INFO o.a.j.r.c.ReportGeneratorConfiguration: Property 'jmeter.reportgenerator.sample_filter' not found, using default value 'null' instead.
2023-12-20 16:18:52,313 INFO o.a.j.r.c.ReportGeneratorConfiguration: Property 'jmeter.reportgenerator.report_title' not found, using default value 'null' instead.
2023-12-20 16:18:52,313 INFO o.a.j.r.c.ReportGeneratorConfiguration: Property 'jmeter.reportgenerator.start_date' not found, using default value 'null' instead.
2023-12-20 16:18:52,313 INFO o.a.j.r.c.ReportGeneratorConfiguration: Property 'jmeter.reportgenerator.end_date' not found, using default value 'null' instead.
2023-12-20 16:18:52,313 INFO o.a.j.r.c.ReportGeneratorConfiguration: Property 'jmeter.reportgenerator.date_format' not found, using default value 'null' instead.
2023-12-20 16:18:52,315 INFO o.a.j.r.c.ReportGeneratorConfiguration: Will use date range start date: null, end date: null
2023-12-20 16:18:52,318 INFO o.a.j.r.c.ReportGeneratorConfiguration: Property 'jmeter.reportgenerator.graph.totalTPS.exclude_controllers' not found, using default value 'false' instead.
2023-12-20 16:18:52,318 INFO o.a.j.r.c.ReportGeneratorConfiguration: Property 'jmeter.reportgenerator.graph.activeThreadsOverTime.exclude_controllers' not found, using default value 'false' instead.
2023-12-20 16:18:52,319 INFO o.a.j.r.c.ReportGeneratorConfiguration: Property 'jmeter.reportgenerator.graph.timeVsThreads.exclude_controllers' not found, using default value 'false' instead.
2023-12-20 16:18:52,319 INFO o.a.j.r.c.ReportGeneratorConfiguration: Property 'jmeter.reportgenerator.graph.responseTimeDistribution.exclude_controllers' not found, using default value 'false' instead.
2023-12-20 16:18:52,319 INFO o.a.j.r.c.ReportGeneratorConfiguration: Property 'jmeter.reportgenerator.graph.transactionsPerSecond.exclude_controllers' not found, using default value 'false' instead.
2023-12-20 16:18:52,319 INFO o.a.j.r.c.ReportGeneratorConfiguration: Property 'jmeter.reportgenerator.graph.responseTimePercentiles.exclude_controllers' not found, using default value 'false' instead.
2023-12-20 16:18:52,319 INFO o.a.j.r.c.ReportGeneratorConfiguration: Property 'jmeter.reportgenerator.graph.responseTimePercentilesOverTime.exclude_controllers' not found, using default value 'false' instead.
2023-12-20 16:18:52,319 INFO o.a.j.r.c.ReportGeneratorConfiguration: Property 'jmeter.reportgenerator.graph.responseTimesOverTime.exclude_controllers' not found, using default value 'false' instead.
2023-12-20 16:18:52,319 INFO o.a.j.r.c.ReportGeneratorConfiguration: Property 'jmeter.reportgenerator.graph.connectTimeOverTime.exclude_controllers' not found, using default value 'false' instead.
2023-12-20 16:18:52,319 INFO o.a.j.r.c.ReportGeneratorConfiguration: Property 'jmeter.reportgenerator.graph.latenciesOverTime.exclude_controllers' not found, using default value 'false' instead.
2023-12-20 16:18:52,320 INFO o.a.j.r.c.ReportGeneratorConfiguration: Property 'jmeter.reportgenerator.exporter.json.filters_only_sample_series' not found, using default value 'true' instead.
2023-12-20 16:18:52,320 INFO o.a.j.r.c.ReportGeneratorConfiguration: Property 'jmeter.reportgenerator.exporter.json.series_filter' not found, using default value '' instead.
2023-12-20 16:18:52,320 INFO o.a.j.r.c.ReportGeneratorConfiguration: Property 'jmeter.reportgenerator.exporter.json.show_controllers_only' not found, using default value 'false' instead.
2023-12-20 16:18:52,321 INFO o.a.j.r.c.ReportGeneratorConfiguration: Property 'jmeter.reportgenerator.exporter.html.filters_only_sample_series' not found, using default value 'true' instead.
2023-12-20 16:18:52,321 INFO o.a.j.r.c.ReportGeneratorConfiguration: Property 'jmeter.reportgenerator.exporter.html.series_filter' not found, using default value '' instead.
2023-12-20 16:18:52,321 INFO o.a.j.r.c.ReportGeneratorConfiguration: Property 'jmeter.reportgenerator.exporter.html.show_controllers_only' not found, using default value 'false' instead.
2023-12-20 16:18:52,328 INFO o.a.j.e.StandardJMeterEngine: Running the test!
2023-12-20 16:18:52,328 INFO o.a.j.s.SampleEvent: List of sample_variables: []
2023-12-20 16:18:52,329 INFO o.a.j.s.SampleEvent: List of sample_variables: []
2023-12-20 16:18:52,333 INFO o.a.j.e.u.CompoundVariable: Note: Function class names must contain the string: '.functions.'
2023-12-20 16:18:52,333 INFO o.a.j.e.u.CompoundVariable: Note: Function class names must not contain the string: '.gui.'
2023-12-20 16:18:52,581 INFO o.a.j.JMeter: Running test (1703071132581)
2023-12-20 16:18:52,623 INFO o.a.j.e.StandardJMeterEngine: Starting ThreadGroup: 1 : lab9
2023-12-20 16:18:52,623 INFO o.a.j.e.StandardJMeterEngine: Starting 70 threads for group lab9.
2023-12-20 16:18:52,623 INFO o.a.j.e.StandardJMeterEngine: Thread will continue on error
2023-12-20 16:18:52,623 INFO o.a.j.t.ThreadGroup: Starting thread group... number=1 threads=70 ramp-up=1 delayedStart=false
2023-12-20 16:18:52,631 INFO o.a.j.t.JMeterThread: Thread started: lab9 1-1
2023-12-20 16:18:52,640 INFO o.a.j.t.JMeterThread: Thread started: lab9 1-2
2023-12-20 16:18:52,649 INFO o.a.j.p.h.s.HTTPHCAbstractImpl: Local host = DESKTOP-KSEAP91
2023-12-20 16:18:52,652 INFO o.a.j.t.JMeterThread: Thread started: lab9 1-3
2023-12-20 16:18:52,656 INFO o.a.j.p.h.s.HTTPHC4Impl: HTTP request retry count = 0
2023-12-20 16:18:52,658 INFO o.a.j.s.SampleResult: Note: Sample TimeStamps are START times
2023-12-20 16:18:52,658 INFO o.a.j.s.SampleResult: sampleresult.default.encoding is set to UTF-8
2023-12-20 16:18:52,658 INFO o.a.j.s.SampleResult: sampleresult.useNanoTime=true
2023-12-20 16:18:52,658 INFO o.a.j.s.SampleResult: sampleresult.nanoThreadSleep=5000
2023-12-20 16:18:52,667 INFO o.a.j.t.JMeterThread: Thread started: lab9 1-4
2023-12-20 16:18:52,680 INFO o.a.j.t.ThreadGroup: Started thread group number 1
2023-12-20 16:18:52,680 INFO o.a.j.e.StandardJMeterEngine: All thread groups have been started
2023-12-20 16:18:52,682 INFO o.a.j.t.JMeterThread: Thread started: lab9 1-5
2023-12-20 16:18:52,697 INFO o.a.j.t.JMeterThread: Thread started: lab9 1-6
2023-12-20 16:18:52,710 INFO o.a.j.t.JMeterThread: Thread started: lab9 1-7
2023-12-20 16:18:52,724 INFO o.a.j.t.JMeterThread: Thread started: lab9 1-8
2023-12-20 16:18:52,738 INFO o.a.j.t.JMeterThread: Thread started: lab9 1-9
2023-12-20 16:18:52,746 INFO o.a.j.p.h.s.h.LazyLayeredConnectionSocketFactory: Setting up HTTPS TrustAll Socket Factory
2023-12-20 16:18:52,751 INFO o.a.j.u.JsseSSLManager: Using default SSL protocol: TLS
2023-12-20 16:18:52,751 INFO o.a.j.u.JsseSSLManager: SSL session context: per-thread
2023-12-20 16:18:52,752 INFO o.a.j.t.JMeterThread: Thread started: lab9 1-10
2023-12-20 16:18:52,766 INFO o.a.j.t.JMeterThread: Thread started: lab9 1-11
2023-12-20 16:18:52,780 INFO o.a.j.t.JMeterThread: Thread started: lab9 1-12
2023-12-20 16:18:52,793 INFO o.a.j.t.JMeterThread: Thread started: lab9 1-13
2023-12-20 16:18:52,808 INFO o.a.j.t.JMeterThread: Thread started: lab9 1-14
2023-12-20 16:18:52,822 INFO o.a.j.t.JMeterThread: Thread started: lab9 1-15
2023-12-20 16:18:52,835 INFO o.a.j.t.JMeterThread: Thread started: lab9 1-16
2023-12-20 16:18:52,849 INFO o.a.j.t.JMeterThread: Thread started: lab9 1-17
2023-12-20 16:18:52,862 INFO o.a.j.t.JMeterThread: Thread started: lab9 1-18
2023-12-20 16:18:52,876 INFO o.a.j.t.JMeterThread: Thread started: lab9 1-19
2023-12-20 16:18:52,890 INFO o.a.j.t.JMeterThread: Thread started: lab9 1-20
2023-12-20 16:18:52,905 INFO o.a.j.t.JMeterThread: Thread started: lab9 1-21
2023-12-20 16:18:52,919 INFO o.a.j.t.JMeterThread: Thread started: lab9 1-22
2023-12-20 16:18:52,934 INFO o.a.j.t.JMeterThread: Thread started: lab9 1-23
2023-12-20 16:18:52,947 INFO o.a.j.t.JMeterThread: Thread started: lab9 1-24
2023-12-20 16:18:52,961 INFO o.a.j.t.JMeterThread: Thread started: lab9 1-25
2023-12-20 16:18:52,974 INFO o.a.j.t.JMeterThread: Thread started: lab9 1-26
2023-12-20 16:18:52,987 INFO o.a.j.u.SSLManager: JmeterKeyStore Location:  type JKS
2023-12-20 16:18:52,988 INFO o.a.j.t.JMeterThread: Thread started: lab9 1-27
2023-12-20 16:18:52,990 INFO o.a.j.u.SSLManager: KeyStore created OK
2023-12-20 16:18:52,990 WARN o.a.j.u.SSLManager: Keystore file not found, loading empty keystore
2023-12-20 16:18:53,002 INFO o.a.j.t.JMeterThread: Thread started: lab9 1-28
2023-12-20 16:18:53,015 INFO o.a.j.t.JMeterThread: Thread started: lab9 1-29
2023-12-20 16:18:53,031 INFO o.a.j.t.JMeterThread: Thread started: lab9 1-30
2023-12-20 16:18:53,045 INFO o.a.j.t.JMeterThread: Thread started: lab9 1-31
2023-12-20 16:18:53,060 INFO o.a.j.t.JMeterThread: Thread started: lab9 1-32
2023-12-20 16:18:53,073 INFO o.a.j.t.JMeterThread: Thread started: lab9 1-33
2023-12-20 16:18:53,087 INFO o.a.j.t.JMeterThread: Thread started: lab9 1-34
2023-12-20 16:18:53,102 INFO o.a.j.t.JMeterThread: Thread started: lab9 1-35
2023-12-20 16:18:53,115 INFO o.a.j.t.JMeterThread: Thread started: lab9 1-36
2023-12-20 16:18:53,129 INFO o.a.j.t.JMeterThread: Thread started: lab9 1-37
2023-12-20 16:18:53,169 INFO o.a.j.t.JMeterThread: Thread started: lab9 1-39
2023-12-20 16:18:53,201 INFO o.a.j.t.JMeterThread: Thread started: lab9 1-42
2023-12-20 16:18:53,201 INFO o.a.j.t.JMeterThread: Thread started: lab9 1-38
2023-12-20 16:18:53,206 INFO o.a.j.t.JMeterThread: Thread started: lab9 1-40
2023-12-20 16:18:53,207 INFO o.a.j.t.JMeterThread: Thread started: lab9 1-41
2023-12-20 16:18:53,216 INFO o.a.j.t.JMeterThread: Thread started: lab9 1-43
2023-12-20 16:18:53,226 INFO o.a.j.t.JMeterThread: Thread started: lab9 1-44
2023-12-20 16:18:53,241 INFO o.a.j.t.JMeterThread: Thread started: lab9 1-45
2023-12-20 16:18:53,255 INFO o.a.j.t.JMeterThread: Thread started: lab9 1-46
2023-12-20 16:18:53,269 INFO o.a.j.t.JMeterThread: Thread started: lab9 1-47
2023-12-20 16:18:53,287 INFO o.a.j.t.JMeterThread: Thread started: lab9 1-48
2023-12-20 16:18:53,330 INFO o.a.j.t.JMeterThread: Thread started: lab9 1-51
2023-12-20 16:18:53,335 INFO o.a.j.t.JMeterThread: Thread started: lab9 1-49
2023-12-20 16:18:53,344 INFO o.a.j.t.JMeterThread: Thread started: lab9 1-50
2023-12-20 16:18:53,345 INFO o.a.j.t.JMeterThread: Thread started: lab9 1-52
2023-12-20 16:18:53,353 INFO o.a.j.t.JMeterThread: Thread started: lab9 1-53
2023-12-20 16:18:53,367 INFO o.a.j.t.JMeterThread: Thread started: lab9 1-54
2023-12-20 16:18:53,381 INFO o.a.j.t.JMeterThread: Thread started: lab9 1-55
2023-12-20 16:18:53,395 INFO o.a.j.t.JMeterThread: Thread started: lab9 1-56
2023-12-20 16:18:53,409 INFO o.a.j.t.JMeterThread: Thread started: lab9 1-57
2023-12-20 16:18:53,423 INFO o.a.j.t.JMeterThread: Thread started: lab9 1-58
2023-12-20 16:18:53,437 INFO o.a.j.t.JMeterThread: Thread started: lab9 1-59
2023-12-20 16:18:53,451 INFO o.a.j.t.JMeterThread: Thread started: lab9 1-60
2023-12-20 16:18:53,465 INFO o.a.j.t.JMeterThread: Thread started: lab9 1-61
2023-12-20 16:18:53,479 INFO o.a.j.t.JMeterThread: Thread started: lab9 1-62
2023-12-20 16:18:53,493 INFO o.a.j.t.JMeterThread: Thread started: lab9 1-63
2023-12-20 16:18:53,506 INFO o.a.j.t.JMeterThread: Thread started: lab9 1-64
2023-12-20 16:18:53,521 INFO o.a.j.t.JMeterThread: Thread started: lab9 1-65
2023-12-20 16:18:53,534 INFO o.a.j.t.JMeterThread: Thread started: lab9 1-66
2023-12-20 16:18:53,549 INFO o.a.j.t.JMeterThread: Thread started: lab9 1-67
2023-12-20 16:18:53,563 INFO o.a.j.t.JMeterThread: Thread started: lab9 1-68
2023-12-20 16:18:53,577 INFO o.a.j.t.JMeterThread: Thread started: lab9 1-69
2023-12-20 16:18:53,591 INFO o.a.j.t.JMeterThread: Thread started: lab9 1-70
2023-12-20 16:18:53,682 INFO o.a.j.t.JMeterThread: Thread is done: lab9 1-27
2023-12-20 16:18:53,682 INFO o.a.j.t.JMeterThread: Thread finished: lab9 1-27
2023-12-20 16:18:53,705 INFO o.a.j.t.JMeterThread: Thread is done: lab9 1-30
2023-12-20 16:18:53,705 INFO o.a.j.t.JMeterThread: Thread is done: lab9 1-21
2023-12-20 16:18:53,705 INFO o.a.j.t.JMeterThread: Thread finished: lab9 1-30
2023-12-20 16:18:53,705 INFO o.a.j.t.JMeterThread: Thread finished: lab9 1-21
2023-12-20 16:18:53,706 INFO o.a.j.t.JMeterThread: Thread is done: lab9 1-17
2023-12-20 16:18:53,706 INFO o.a.j.t.JMeterThread: Thread finished: lab9 1-17
2023-12-20 16:18:53,706 INFO o.a.j.t.JMeterThread: Thread is done: lab9 1-24
2023-12-20 16:18:53,706 INFO o.a.j.t.JMeterThread: Thread finished: lab9 1-24
2023-12-20 16:18:53,706 INFO o.a.j.t.JMeterThread: Thread is done: lab9 1-15
2023-12-20 16:18:53,706 INFO o.a.j.t.JMeterThread: Thread finished: lab9 1-15
2023-12-20 16:18:53,706 INFO o.a.j.t.JMeterThread: Thread is done: lab9 1-28
2023-12-20 16:18:53,707 INFO o.a.j.t.JMeterThread: Thread finished: lab9 1-28
2023-12-20 16:18:53,707 INFO o.a.j.t.JMeterThread: Thread is done: lab9 1-16
2023-12-20 16:18:53,707 INFO o.a.j.t.JMeterThread: Thread is done: lab9 1-18
2023-12-20 16:18:53,707 INFO o.a.j.t.JMeterThread: Thread finished: lab9 1-16
2023-12-20 16:18:53,707 INFO o.a.j.t.JMeterThread: Thread finished: lab9 1-18
2023-12-20 16:18:53,707 INFO o.a.j.t.JMeterThread: Thread is done: lab9 1-11
2023-12-20 16:18:53,707 INFO o.a.j.t.JMeterThread: Thread finished: lab9 1-11
2023-12-20 16:18:53,708 INFO o.a.j.t.JMeterThread: Thread is done: lab9 1-13
2023-12-20 16:18:53,708 INFO o.a.j.t.JMeterThread: Thread finished: lab9 1-13
2023-12-20 16:18:53,718 INFO o.a.j.t.JMeterThread: Thread is done: lab9 1-7
2023-12-20 16:18:53,718 INFO o.a.j.t.JMeterThread: Thread finished: lab9 1-7
2023-12-20 16:18:53,719 INFO o.a.j.t.JMeterThread: Thread is done: lab9 1-44
2023-12-20 16:18:53,719 INFO o.a.j.t.JMeterThread: Thread finished: lab9 1-44
2023-12-20 16:18:53,719 INFO o.a.j.t.JMeterThread: Thread is done: lab9 1-43
2023-12-20 16:18:53,720 INFO o.a.j.t.JMeterThread: Thread finished: lab9 1-43
2023-12-20 16:18:53,720 INFO o.a.j.t.JMeterThread: Thread is done: lab9 1-45
2023-12-20 16:18:53,721 INFO o.a.j.t.JMeterThread: Thread finished: lab9 1-45
2023-12-20 16:18:53,725 INFO o.a.j.t.JMeterThread: Thread is done: lab9 1-47
2023-12-20 16:18:53,725 INFO o.a.j.t.JMeterThread: Thread finished: lab9 1-47
2023-12-20 16:18:53,726 INFO o.a.j.t.JMeterThread: Thread is done: lab9 1-48
2023-12-20 16:18:53,726 INFO o.a.j.t.JMeterThread: Thread finished: lab9 1-48
2023-12-20 16:18:53,726 INFO o.a.j.t.JMeterThread: Thread is done: lab9 1-46
2023-12-20 16:18:53,726 INFO o.a.j.t.JMeterThread: Thread finished: lab9 1-46
2023-12-20 16:18:53,770 INFO o.a.j.t.JMeterThread: Thread is done: lab9 1-50
2023-12-20 16:18:53,770 INFO o.a.j.t.JMeterThread: Thread finished: lab9 1-50
2023-12-20 16:18:53,772 INFO o.a.j.t.JMeterThread: Thread is done: lab9 1-51
2023-12-20 16:18:53,772 INFO o.a.j.t.JMeterThread: Thread finished: lab9 1-51
2023-12-20 16:18:53,773 INFO o.a.j.t.JMeterThread: Thread is done: lab9 1-52
2023-12-20 16:18:53,773 INFO o.a.j.t.JMeterThread: Thread finished: lab9 1-52
2023-12-20 16:18:53,780 INFO o.a.j.t.JMeterThread: Thread is done: lab9 1-49
2023-12-20 16:18:53,780 INFO o.a.j.t.JMeterThread: Thread finished: lab9 1-49
2023-12-20 16:18:53,809 INFO o.a.j.t.JMeterThread: Thread is done: lab9 1-54
2023-12-20 16:18:53,809 INFO o.a.j.t.JMeterThread: Thread finished: lab9 1-54
2023-12-20 16:18:53,817 INFO o.a.j.t.JMeterThread: Thread is done: lab9 1-53
2023-12-20 16:18:53,817 INFO o.a.j.t.JMeterThread: Thread finished: lab9 1-53
2023-12-20 16:18:53,817 INFO o.a.j.t.JMeterThread: Thread is done: lab9 1-55
2023-12-20 16:18:53,818 INFO o.a.j.t.JMeterThread: Thread finished: lab9 1-55
2023-12-20 16:18:53,826 INFO o.a.j.t.JMeterThread: Thread is done: lab9 1-56
2023-12-20 16:18:53,826 INFO o.a.j.t.JMeterThread: Thread finished: lab9 1-56
2023-12-20 16:18:53,857 INFO o.a.j.t.JMeterThread: Thread is done: lab9 1-59
2023-12-20 16:18:53,857 INFO o.a.j.t.JMeterThread: Thread finished: lab9 1-59
2023-12-20 16:18:53,862 INFO o.a.j.t.JMeterThread: Thread is done: lab9 1-57
2023-12-20 16:18:53,862 INFO o.a.j.t.JMeterThread: Thread finished: lab9 1-57
2023-12-20 16:18:53,862 INFO o.a.j.t.JMeterThread: Thread is done: lab9 1-58
2023-12-20 16:18:53,862 INFO o.a.j.t.JMeterThread: Thread finished: lab9 1-58
2023-12-20 16:18:53,905 INFO o.a.j.t.JMeterThread: Thread is done: lab9 1-62
2023-12-20 16:18:53,905 INFO o.a.j.t.JMeterThread: Thread finished: lab9 1-62
2023-12-20 16:18:53,907 INFO o.a.j.t.JMeterThread: Thread is done: lab9 1-60
2023-12-20 16:18:53,907 INFO o.a.j.t.JMeterThread: Thread finished: lab9 1-60
2023-12-20 16:18:53,908 INFO o.a.j.t.JMeterThread: Thread is done: lab9 1-61
2023-12-20 16:18:53,908 INFO o.a.j.t.JMeterThread: Thread finished: lab9 1-61
2023-12-20 16:18:53,926 INFO o.a.j.t.JMeterThread: Thread is done: lab9 1-63
2023-12-20 16:18:53,926 INFO o.a.j.t.JMeterThread: Thread finished: lab9 1-63
2023-12-20 16:18:53,951 INFO o.a.j.t.JMeterThread: Thread is done: lab9 1-65
2023-12-20 16:18:53,951 INFO o.a.j.t.JMeterThread: Thread finished: lab9 1-65
2023-12-20 16:18:53,952 INFO o.a.j.t.JMeterThread: Thread is done: lab9 1-64
2023-12-20 16:18:53,952 INFO o.a.j.t.JMeterThread: Thread finished: lab9 1-64
2023-12-20 16:18:53,967 INFO o.a.j.t.JMeterThread: Thread is done: lab9 1-66
2023-12-20 16:18:53,967 INFO o.a.j.t.JMeterThread: Thread finished: lab9 1-66
2023-12-20 16:18:53,999 INFO o.a.j.t.JMeterThread: Thread is done: lab9 1-68
2023-12-20 16:18:53,999 INFO o.a.j.t.JMeterThread: Thread finished: lab9 1-68
2023-12-20 16:18:54,008 INFO o.a.j.t.JMeterThread: Thread is done: lab9 1-69
2023-12-20 16:18:54,008 INFO o.a.j.t.JMeterThread: Thread finished: lab9 1-69
2023-12-20 16:18:54,024 INFO o.a.j.t.JMeterThread: Thread is done: lab9 1-70
2023-12-20 16:18:54,024 INFO o.a.j.t.JMeterThread: Thread finished: lab9 1-70
2023-12-20 16:18:54,066 INFO o.a.j.t.JMeterThread: Thread is done: lab9 1-67
2023-12-20 16:18:54,067 INFO o.a.j.t.JMeterThread: Thread finished: lab9 1-67
2023-12-20 16:18:58,919 INFO o.a.j.t.JMeterThread: Thread is done: lab9 1-3
2023-12-20 16:18:58,919 INFO o.a.j.t.JMeterThread: Thread finished: lab9 1-3
2023-12-20 16:19:00,319 INFO o.a.j.r.Summariser: summary +    461 in 00:00:08 =   59.6/s Avg:   478 Min:    45 Max:  2068 Err:   282 (61.17%) Active: 29 Started: 70 Finished: 41
2023-12-20 16:19:00,657 INFO o.a.j.t.JMeterThread: Thread is done: lab9 1-36
2023-12-20 16:19:00,657 INFO o.a.j.t.JMeterThread: Thread finished: lab9 1-36
2023-12-20 16:19:00,752 INFO o.a.j.t.JMeterThread: Thread is done: lab9 1-22
2023-12-20 16:19:00,752 INFO o.a.j.t.JMeterThread: Thread finished: lab9 1-22
2023-12-20 16:19:00,790 INFO o.a.j.t.JMeterThread: Thread is done: lab9 1-20
2023-12-20 16:19:00,791 INFO o.a.j.t.JMeterThread: Thread finished: lab9 1-20
2023-12-20 16:19:00,820 INFO o.a.j.t.JMeterThread: Thread is done: lab9 1-25
2023-12-20 16:19:00,820 INFO o.a.j.t.JMeterThread: Thread finished: lab9 1-25
2023-12-20 16:19:00,851 INFO o.a.j.t.JMeterThread: Thread is done: lab9 1-19
2023-12-20 16:19:00,851 INFO o.a.j.t.JMeterThread: Thread finished: lab9 1-19
2023-12-20 16:19:00,890 INFO o.a.j.t.JMeterThread: Thread is done: lab9 1-12
2023-12-20 16:19:00,890 INFO o.a.j.t.JMeterThread: Thread finished: lab9 1-12
2023-12-20 16:19:00,927 INFO o.a.j.t.JMeterThread: Thread is done: lab9 1-8
2023-12-20 16:19:00,927 INFO o.a.j.t.JMeterThread: Thread finished: lab9 1-8
2023-12-20 16:19:01,017 INFO o.a.j.t.JMeterThread: Thread is done: lab9 1-39
2023-12-20 16:19:01,017 INFO o.a.j.t.JMeterThread: Thread finished: lab9 1-39
2023-12-20 16:19:01,046 INFO o.a.j.t.JMeterThread: Thread is done: lab9 1-40
2023-12-20 16:19:01,046 INFO o.a.j.t.JMeterThread: Thread finished: lab9 1-40
2023-12-20 16:19:01,051 INFO o.a.j.t.JMeterThread: Thread is done: lab9 1-34
2023-12-20 16:19:01,051 INFO o.a.j.t.JMeterThread: Thread finished: lab9 1-34
2023-12-20 16:19:01,057 INFO o.a.j.t.JMeterThread: Thread is done: lab9 1-10
2023-12-20 16:19:01,057 INFO o.a.j.t.JMeterThread: Thread finished: lab9 1-10
2023-12-20 16:19:01,076 INFO o.a.j.t.JMeterThread: Thread is done: lab9 1-5
2023-12-20 16:19:01,076 INFO o.a.j.t.JMeterThread: Thread finished: lab9 1-5
2023-12-20 16:19:01,090 INFO o.a.j.t.JMeterThread: Thread is done: lab9 1-42
2023-12-20 16:19:01,091 INFO o.a.j.t.JMeterThread: Thread finished: lab9 1-42
2023-12-20 16:19:01,126 INFO o.a.j.t.JMeterThread: Thread is done: lab9 1-31
2023-12-20 16:19:01,126 INFO o.a.j.t.JMeterThread: Thread finished: lab9 1-31
2023-12-20 16:19:01,130 INFO o.a.j.t.JMeterThread: Thread is done: lab9 1-23
2023-12-20 16:19:01,130 INFO o.a.j.t.JMeterThread: Thread finished: lab9 1-23
2023-12-20 16:19:01,190 INFO o.a.j.t.JMeterThread: Thread is done: lab9 1-41
2023-12-20 16:19:01,190 INFO o.a.j.t.JMeterThread: Thread finished: lab9 1-41
2023-12-20 16:19:01,231 INFO o.a.j.t.JMeterThread: Thread is done: lab9 1-2
2023-12-20 16:19:01,231 INFO o.a.j.t.JMeterThread: Thread finished: lab9 1-2
2023-12-20 16:19:01,232 INFO o.a.j.t.JMeterThread: Thread is done: lab9 1-33
2023-12-20 16:19:01,232 INFO o.a.j.t.JMeterThread: Thread finished: lab9 1-33
2023-12-20 16:19:01,261 INFO o.a.j.t.JMeterThread: Thread is done: lab9 1-6
2023-12-20 16:19:01,261 INFO o.a.j.t.JMeterThread: Thread finished: lab9 1-6
2023-12-20 16:19:01,268 INFO o.a.j.t.JMeterThread: Thread is done: lab9 1-37
2023-12-20 16:19:01,268 INFO o.a.j.t.JMeterThread: Thread finished: lab9 1-37
2023-12-20 16:19:01,306 INFO o.a.j.t.JMeterThread: Thread is done: lab9 1-32
2023-12-20 16:19:01,306 INFO o.a.j.t.JMeterThread: Thread finished: lab9 1-32
2023-12-20 16:19:01,317 INFO o.a.j.t.JMeterThread: Thread is done: lab9 1-14
2023-12-20 16:19:01,317 INFO o.a.j.t.JMeterThread: Thread finished: lab9 1-14
2023-12-20 16:19:01,351 INFO o.a.j.t.JMeterThread: Thread is done: lab9 1-9
2023-12-20 16:19:01,352 INFO o.a.j.t.JMeterThread: Thread finished: lab9 1-9
2023-12-20 16:19:01,361 INFO o.a.j.t.JMeterThread: Thread is done: lab9 1-35
2023-12-20 16:19:01,361 INFO o.a.j.t.JMeterThread: Thread finished: lab9 1-35
2023-12-20 16:19:01,417 INFO o.a.j.t.JMeterThread: Thread is done: lab9 1-29
2023-12-20 16:19:01,417 INFO o.a.j.t.JMeterThread: Thread finished: lab9 1-29
2023-12-20 16:19:01,452 INFO o.a.j.t.JMeterThread: Thread is done: lab9 1-1
2023-12-20 16:19:01,452 INFO o.a.j.t.JMeterThread: Thread finished: lab9 1-1
2023-12-20 16:19:01,506 INFO o.a.j.t.JMeterThread: Thread is done: lab9 1-4
2023-12-20 16:19:01,506 INFO o.a.j.t.JMeterThread: Thread finished: lab9 1-4
2023-12-20 16:19:01,567 INFO o.a.j.t.JMeterThread: Thread is done: lab9 1-26
2023-12-20 16:19:01,567 INFO o.a.j.t.JMeterThread: Thread finished: lab9 1-26
2023-12-20 16:19:01,935 INFO o.a.j.t.JMeterThread: Thread is done: lab9 1-38
2023-12-20 16:19:01,936 INFO o.a.j.t.JMeterThread: Thread finished: lab9 1-38
2023-12-20 16:19:01,936 INFO o.a.j.e.StandardJMeterEngine: Notifying test listeners of end of test
2023-12-20 16:19:01,937 INFO o.a.j.r.Summariser: summary +     29 in 00:00:02 =   17.9/s Avg:  1579 Min:  1402 Max:  1720 Err:     0 (0.00%) Active: 0 Started: 70 Finished: 70
2023-12-20 16:19:01,937 INFO o.a.j.r.Summariser: summary =    490 in 00:00:09 =   52.4/s Avg:   544 Min:    45 Max:  2068 Err:   282 (57.55%)
2023-12-20 16:19:01,938 INFO o.a.j.JMeter: Generating Dashboard
2023-12-20 16:19:01,938 INFO o.a.j.r.d.ReportGenerator: Flushing result collector before report Generation
2023-12-20 16:19:01,950 INFO o.a.j.r.p.NormalizerSampleConsumer: Using format, 'ms', to parse timeStamp field
2023-12-20 16:19:02,072 INFO o.a.j.r.p.AbstractSampleConsumer: class org.apache.jmeter.report.processor.AggregateConsumer#stopProducing(): beginDate produced 0 samples
2023-12-20 16:19:02,072 INFO o.a.j.r.p.AbstractSampleConsumer: class org.apache.jmeter.report.processor.AggregateConsumer#stopProducing(): endDate produced 0 samples
2023-12-20 16:19:02,074 INFO o.a.j.r.p.AbstractSampleConsumer: class org.apache.jmeter.report.processor.ApdexSummaryConsumer#stopProducing(): apdexSummary produced 0 samples
2023-12-20 16:19:02,075 INFO o.a.j.r.p.AbstractSampleConsumer: class org.apache.jmeter.report.processor.RequestsSummaryConsumer#stopProducing(): requestsSummary produced 0 samples
2023-12-20 16:19:02,079 INFO o.a.j.r.p.AbstractSampleConsumer: class org.apache.jmeter.report.processor.StatisticsSummaryConsumer#stopProducing(): statisticsSummary produced 0 samples
2023-12-20 16:19:02,082 INFO o.a.j.r.p.AbstractSampleConsumer: class org.apache.jmeter.report.processor.Top5ErrorsBySamplerConsumer#stopProducing(): top5ErrorsBySampler produced 0 samples
2023-12-20 16:19:02,083 INFO o.a.j.r.p.AbstractSampleConsumer: class org.apache.jmeter.report.processor.ErrorsSummaryConsumer#stopProducing(): errorsSummary produced 0 samples
2023-12-20 16:19:02,083 INFO o.a.j.r.p.AbstractSampleConsumer: class org.apache.jmeter.report.processor.graph.impl.HitsPerSecondGraphConsumer#stopProducing(): hitsPerSecond produced 0 samples
2023-12-20 16:19:02,105 INFO o.a.j.r.p.AbstractSampleConsumer: class org.apache.jmeter.report.processor.graph.impl.LatencyVSRequestGraphConsumer#stopProducing(): latencyVsRequest produced 0 samples
2023-12-20 16:19:02,105 INFO o.a.j.r.p.AbstractSampleConsumer: class org.apache.jmeter.report.processor.graph.impl.SyntheticResponseTimeDistributionGraphConsumer#stopProducing(): syntheticResponseTimeDistribution produced 0 samples
2023-12-20 16:19:02,105 INFO o.a.j.r.p.AbstractSampleConsumer: class org.apache.jmeter.report.processor.graph.impl.BytesThroughputGraphConsumer#stopProducing(): bytesThroughputOverTime produced 0 samples
2023-12-20 16:19:02,105 INFO o.a.j.r.p.AbstractSampleConsumer: class org.apache.jmeter.report.processor.graph.impl.CodesPerSecondGraphConsumer#stopProducing(): codesPerSecond produced 0 samples
2023-12-20 16:19:02,113 INFO o.a.j.r.p.AbstractSampleConsumer: class org.apache.jmeter.report.processor.graph.impl.ResponseTimeVSRequestGraphConsumer#stopProducing(): responseTimeVsRequest produced 0 samples
2023-12-20 16:19:02,113 INFO o.a.j.r.p.AbstractSampleConsumer: class org.apache.jmeter.report.processor.FilterConsumer#stopProducing(): startIntervalControlerFilter produced 3430 samples
2023-12-20 16:19:02,113 INFO o.a.j.r.p.AbstractSampleConsumer: class org.apache.jmeter.report.processor.graph.impl.TotalTPSGraphConsumer#stopProducing(): totalTPS produced 0 samples
2023-12-20 16:19:02,113 INFO o.a.j.r.p.AbstractSampleConsumer: class org.apache.jmeter.report.processor.graph.impl.ActiveThreadsGraphConsumer#stopProducing(): activeThreadsOverTime produced 0 samples
2023-12-20 16:19:02,114 INFO o.a.j.r.p.AbstractSampleConsumer: class org.apache.jmeter.report.processor.graph.impl.TimeVSThreadGraphConsumer#stopProducing(): timeVsThreads produced 0 samples
2023-12-20 16:19:02,114 INFO o.a.j.r.p.AbstractSampleConsumer: class org.apache.jmeter.report.processor.graph.impl.ResponseTimeDistributionGraphConsumer#stopProducing(): responseTimeDistribution produced 0 samples
2023-12-20 16:19:02,114 INFO o.a.j.r.p.AbstractSampleConsumer: class org.apache.jmeter.report.processor.graph.impl.TransactionsPerSecondGraphConsumer#stopProducing(): transactionsPerSecond produced 0 samples
2023-12-20 16:19:02,115 INFO o.a.j.r.p.AbstractSampleConsumer: class org.apache.jmeter.report.processor.graph.impl.ResponseTimePercentilesGraphConsumer#stopProducing(): responseTimePercentiles produced 0 samples
2023-12-20 16:19:02,117 INFO o.a.j.r.p.AbstractSampleConsumer: class org.apache.jmeter.report.processor.graph.impl.ResponseTimePercentilesOverTimeGraphConsumer#stopProducing(): responseTimePercentilesOverTime produced 0 samples
2023-12-20 16:19:02,118 INFO o.a.j.r.p.AbstractSampleConsumer: class org.apache.jmeter.report.processor.graph.impl.ResponseTimeOverTimeGraphConsumer#stopProducing(): responseTimesOverTime produced 0 samples
2023-12-20 16:19:02,118 INFO o.a.j.r.p.AbstractSampleConsumer: class org.apache.jmeter.report.processor.graph.impl.ConnectTimeOverTimeGraphConsumer#stopProducing(): connectTimeOverTime produced 0 samples
2023-12-20 16:19:02,118 INFO o.a.j.r.p.AbstractSampleConsumer: class org.apache.jmeter.report.processor.graph.impl.LatencyOverTimeGraphConsumer#stopProducing(): latenciesOverTime produced 0 samples
2023-12-20 16:19:02,118 INFO o.a.j.r.p.AbstractSampleConsumer: class org.apache.jmeter.report.processor.FilterConsumer#stopProducing(): nameFilter produced 7350 samples
2023-12-20 16:19:02,118 INFO o.a.j.r.p.AbstractSampleConsumer: class org.apache.jmeter.report.processor.FilterConsumer#stopProducing(): dateRangeFilter produced 1470 samples
2023-12-20 16:19:02,118 INFO o.a.j.r.p.AbstractSampleConsumer: class org.apache.jmeter.report.processor.NormalizerSampleConsumer#stopProducing(): normalizer produced 490 samples
2023-12-20 16:19:02,119 INFO o.a.j.r.p.CsvFileSampleSource: produce(): 490 samples produced in 145ms on channel 0
2023-12-20 16:19:02,119 INFO o.a.j.r.d.ReportGenerator: Exporting data using exporter:'json' of className:'org.apache.jmeter.report.dashboard.JsonExporter'
2023-12-20 16:19:02,248 INFO o.a.j.r.d.JsonExporter: Found data for consumer statisticsSummary in context
2023-12-20 16:19:02,248 INFO o.a.j.r.d.JsonExporter: Creating statistics for overall
2023-12-20 16:19:02,249 INFO o.a.j.r.d.JsonExporter: Creating statistics for other transactions
2023-12-20 16:19:02,249 INFO o.a.j.r.d.JsonExporter: Checking output folder
2023-12-20 16:19:02,250 INFO o.a.j.r.d.JsonExporter: Writing statistics JSON to C:\Users\GamingPC\Desktop\tests\.\RESULT-9-70\statistics.json
2023-12-20 16:19:02,292 INFO o.a.j.r.d.ReportGenerator: Exporting data using exporter:'html' of className:'org.apache.jmeter.report.dashboard.HtmlTemplateExporter'
2023-12-20 16:19:02,295 INFO o.a.j.r.d.HtmlTemplateExporter: Will generate dashboard in folder: C:\Users\GamingPC\Desktop\tests\.\RESULT-9-70
2023-12-20 16:19:02,399 INFO o.a.j.r.d.HtmlTemplateExporter: Report will be generated in: C:\Users\GamingPC\Desktop\tests\.\RESULT-9-70, creating folder structure
2023-12-20 16:19:02,401 INFO o.a.j.r.d.TemplateVisitor: Copying folder from 'C:\Users\GamingPC\Desktop\jmeter\bin\report-template' to 'C:\Users\GamingPC\Desktop\tests\.\RESULT-9-70', got message: C:\Users\GamingPC\Desktop\tests\.\RESULT-9-70, found non empty folder with following content [C:\Users\GamingPC\Desktop\tests\.\RESULT-9-70\statistics.json], will be ignored
2023-12-20 16:19:02,735 INFO o.a.j.JMeter: Dashboard generated
